\BOOKMARK [1][-]{section.1}{Introduction}{}% 1
\BOOKMARK [2][-]{subsection.1.1}{Particle Physics}{section.1}% 2
\BOOKMARK [2][-]{subsection.1.2}{Methodology}{section.1}% 3
\BOOKMARK [1][-]{section.2}{Theoretical Framework}{}% 4
\BOOKMARK [2][-]{subsection.2.1}{The need of fields}{section.2}% 5
\BOOKMARK [2][-]{subsection.2.2}{Lagrangians}{section.2}% 6
\BOOKMARK [2][-]{subsection.2.3}{Noether's theorem}{section.2}% 7
\BOOKMARK [2][-]{subsection.2.4}{Scalar field}{section.2}% 8
\BOOKMARK [3][-]{subsubsection.2.4.1}{Particles}{subsection.2.4}% 9
\BOOKMARK [3][-]{subsubsection.2.4.2}{Particles and antiparticles}{subsection.2.4}% 10
\BOOKMARK [3][-]{subsubsection.2.4.3}{Propagator}{subsection.2.4}% 11
\BOOKMARK [2][-]{subsection.2.5}{Spinor field}{section.2}% 12
\BOOKMARK [3][-]{subsubsection.2.5.1}{Dirac equation}{subsection.2.5}% 13
\BOOKMARK [3][-]{subsubsection.2.5.2}{Plane wave solution}{subsection.2.5}% 14
\BOOKMARK [4][-]{paragraph.2.5.2.1}{Dirac-Pauli representation}{subsubsection.2.5.2}% 15
\BOOKMARK [4][-]{paragraph.2.5.2.2}{Feynman-Stueckelberg interpretation}{subsubsection.2.5.2}% 16
\BOOKMARK [3][-]{subsubsection.2.5.3}{Field decomposition}{subsection.2.5}% 17
\BOOKMARK [3][-]{subsubsection.2.5.4}{Propagator}{subsection.2.5}% 18
\BOOKMARK [2][-]{subsection.2.6}{S-matrix expansion}{section.2}% 19
\BOOKMARK [2][-]{subsection.2.7}{Quantum Electrodynamics}{section.2}% 20
\BOOKMARK [2][-]{subsection.2.8}{Electroweak Theory}{section.2}% 21
\BOOKMARK [1][-]{section.3}{Beyond the SM: Z}{}% 22
\BOOKMARK [2][-]{subsection.3.1}{The need of new physics}{section.3}% 23
\BOOKMARK [2][-]{subsection.3.2}{Z model}{section.3}% 24
\BOOKMARK [2][-]{subsection.3.3}{Searches for the Z}{section.3}% 25
\BOOKMARK [1][-]{section.4}{Particle Colliders}{}% 26
\BOOKMARK [2][-]{subsection.4.1}{Parameters, kinematic and topological variables of a collision}{section.4}% 27
\BOOKMARK [2][-]{subsection.4.2}{The LHC: CMS experiment}{section.4}% 28
\BOOKMARK [3][-]{subsubsection.4.2.1}{The CMS Detector}{subsection.4.2}% 29
\BOOKMARK [4][-]{paragraph.4.2.1.1}{Jet detection}{subsubsection.4.2.1}% 30
\BOOKMARK [4][-]{paragraph.4.2.1.2}{b-tagging}{subsubsection.4.2.1}% 31
\BOOKMARK [2][-]{subsection.4.3}{Collisions and detectors simulations}{section.4}% 32
\BOOKMARK [3][-]{subsubsection.4.3.1}{MadGraph5}{subsection.4.3}% 33
\BOOKMARK [3][-]{subsubsection.4.3.2}{MadAnalysis5}{subsection.4.3}% 34
\BOOKMARK [4][-]{paragraph.4.3.2.1}{MadAnalysis expert mode}{subsubsection.4.3.2}% 35
\BOOKMARK [3][-]{subsubsection.4.3.3}{ROOT}{subsection.4.3}% 36
\BOOKMARK [3][-]{subsubsection.4.3.4}{Code framework}{subsection.4.3}% 37
\BOOKMARK [1][-]{section.5}{Results}{}% 38
\BOOKMARK [2][-]{subsection.5.1}{Preliminary analysis}{section.5}% 39
\BOOKMARK [3][-]{subsubsection.5.1.1}{Leading order leptons}{subsection.5.1}% 40
\BOOKMARK [3][-]{subsubsection.5.1.2}{Reconstructed masses}{subsection.5.1}% 41
\BOOKMARK [3][-]{subsubsection.5.1.3}{Cross section}{subsection.5.1}% 42
\BOOKMARK [3][-]{subsubsection.5.1.4}{First background: tt/h}{subsection.5.1}% 43
\BOOKMARK [3][-]{subsubsection.5.1.5}{Second background: ttWW}{subsection.5.1}% 44
\BOOKMARK [3][-]{subsubsection.5.1.6}{Third background: tth}{subsection.5.1}% 45
\BOOKMARK [3][-]{subsubsection.5.1.7}{Top quark mass reconstruction}{subsection.5.1}% 46
\BOOKMARK [3][-]{subsubsection.5.1.8}{W boson mass construction}{subsection.5.1}% 47
\BOOKMARK [2][-]{subsection.5.2}{MadAnalysis expert mode}{section.5}% 48
\BOOKMARK [3][-]{subsubsection.5.2.1}{Semi-leptonic channel}{subsection.5.2}% 49
\BOOKMARK [4][-]{paragraph.5.2.1.1}{Primary selection criteria}{subsubsection.5.2.1}% 50
\BOOKMARK [4][-]{paragraph.5.2.1.2}{Efficiency}{subsubsection.5.2.1}% 51
\BOOKMARK [4][-]{paragraph.5.2.1.3}{High Z boson masses}{subsubsection.5.2.1}% 52
\BOOKMARK [4][-]{paragraph.5.2.1.4}{Low Z boson masses}{subsubsection.5.2.1}% 53
\BOOKMARK [3][-]{subsubsection.5.2.2}{Significance}{subsection.5.2}% 54
\BOOKMARK [3][-]{subsubsection.5.2.3}{Statistical analysis}{subsection.5.2}% 55
\BOOKMARK [4][-]{paragraph.5.2.3.1}{High Z boson masses}{subsubsection.5.2.3}% 56
\BOOKMARK [4][-]{paragraph.5.2.3.2}{Low Z boson masses}{subsubsection.5.2.3}% 57
\BOOKMARK [3][-]{subsubsection.5.2.4}{Fully-hadronic channel}{subsection.5.2}% 58
\BOOKMARK [1][-]{section.6}{Conclusions}{}% 59
\BOOKMARK [1][-]{appendix.A}{Classical mechanics}{}% 60
\BOOKMARK [2][-]{subsection.A.1}{The Euler-Lagrange equation}{appendix.A}% 61
\BOOKMARK [2][-]{subsection.A.2}{Noether theorem in space-time}{appendix.A}% 62
\BOOKMARK [1][-]{appendix.B}{On the scalar field}{}% 63
\BOOKMARK [2][-]{subsection.B.1}{The Klein-Gordon equation derivation}{appendix.B}% 64
\BOOKMARK [2][-]{subsection.B.2}{Field decomposition}{appendix.B}% 65
\BOOKMARK [2][-]{subsection.B.3}{Commutation relations}{appendix.B}% 66
\BOOKMARK [2][-]{subsection.B.4}{Conserved current of the complex scalar field}{appendix.B}% 67
\BOOKMARK [2][-]{subsection.B.5}{Propagator}{appendix.B}% 68
\BOOKMARK [1][-]{appendix.C}{Other fields}{}% 69
\BOOKMARK [2][-]{subsection.C.1}{EWT Theory}{appendix.C}% 70
\BOOKMARK [3][-]{subsubsection.C.1.1}{IVB charged currents}{subsection.C.1}% 71
\BOOKMARK [3][-]{subsubsection.C.1.2}{EWT Lagrangian}{subsection.C.1}% 72
\BOOKMARK [3][-]{subsubsection.C.1.3}{Conserved charges and currents}{subsection.C.1}% 73
